<?xml version="1.0" encoding="UTF-8"?>
<!-- Generated by org.testng.reporters.JUnitReportReporter -->
<testsuite hostname="LAPTOP-B9PPAAOT" failures="0" tests="1" name="selinium.Alerts" time="6.131" errors="0" timestamp="2024-02-07T08:07:12 IST" skipped="0">
  <testcase classname="selinium.Alerts" name="registrationForm" time="6.131"/>
  <system-out/>
</testsuite> <!-- selinium.Alerts -->
