<?xml version="1.0" encoding="UTF-8"?>
<!-- Generated by org.testng.reporters.JUnitReportReporter -->
<testsuite hostname="LAPTOP-B9PPAAOT" failures="0" tests="1" name="selin.Action1" time="38.582" errors="0" timestamp="2024-03-18T14:40:18 IST" skipped="0">
  <testcase classname="selin.Action1" name="reg" time="38.582"/>
  <system-out/>
</testsuite> <!-- selin.Action1 -->
