<?xml version="1.0" encoding="UTF-8"?>
<!-- Generated by org.testng.reporters.JUnitReportReporter -->
<testsuite hostname="LAPTOP-B9PPAAOT" failures="0" tests="1" name="selin.Dropmenu" time="15.798" errors="0" timestamp="2024-02-10T20:12:02 IST" skipped="0">
  <testcase classname="selin.Dropmenu" name="reg" time="15.798"/>
  <system-out/>
</testsuite> <!-- selin.Dropmenu -->
