<?xml version="1.0" encoding="UTF-8"?>
<!-- Generated by org.testng.reporters.JUnitReportReporter -->
<testsuite hostname="LAPTOP-B9PPAAOT" failures="0" tests="1" name="selin.Dropmenu" time="18.136" errors="0" timestamp="2024-03-12T17:00:46 IST" skipped="0">
  <testcase classname="selin.Dropmenu" name="reg" time="18.136"/>
  <system-out/>
</testsuite> <!-- selin.Dropmenu -->
