<?xml version="1.0" encoding="UTF-8"?>
<!-- Generated by org.testng.reporters.JUnitReportReporter -->
<testsuite hostname="LAPTOP-B9PPAAOT" failures="0" tests="2" name="selinium.Facebooklogin" time="16.726" errors="0" timestamp="2024-01-28T10:16:09 IST" skipped="0">
  <testcase classname="selinium.Facebooklogin" name="registrationForm" time="16.711"/>
  <system-out/>
  <testcase classname="selinium.Facebooklogin" name="getTitleOfThePage" time="0.015"/>
  <system-out/>
</testsuite> <!-- selinium.Facebooklogin -->
