<?xml version="1.0" encoding="UTF-8"?>
<!-- Generated by org.testng.reporters.JUnitReportReporter -->
<testsuite hostname="LAPTOP-B9PPAAOT" failures="0" tests="3" name="selin.Newde" time="40.691" errors="0" timestamp="2024-02-09T09:28:52 IST" skipped="0">
  <testcase classname="selin.Newde" name="Url" time="14.116"/>
  <system-out/>
  <testcase classname="selin.Newde" name="reg" time="16.604"/>
  <system-out/>
  <testcase classname="selin.Newde" name="Title" time="9.971"/>
  <system-out/>
</testsuite> <!-- selin.Newde -->
