<?xml version="1.0" encoding="UTF-8"?>
<!-- Generated by org.testng.reporters.JUnitReportReporter -->
<testsuite hostname="LAPTOP-B9PPAAOT" failures="0" tests="1" name="selin.Windowhandle" time="6.253" errors="0" timestamp="2024-02-09T13:37:09 IST" skipped="0">
  <testcase classname="selin.Windowhandle" name="reg" time="6.253"/>
  <system-out/>
</testsuite> <!-- selin.Windowhandle -->
