<?xml version="1.0" encoding="UTF-8"?>
<!-- Generated by org.testng.reporters.JUnitReportReporter -->
<testsuite hostname="LAPTOP-B9PPAAOT" failures="0" tests="1" name="selinium.Chrome" time="0.011" errors="0" timestamp="2024-01-28T09:14:41 IST" skipped="0">
  <testcase classname="selinium.Chrome" name="test11" time="0.011"/>
  <system-out/>
</testsuite> <!-- selinium.Chrome -->
