<?xml version="1.0" encoding="UTF-8"?>
<!-- Generated by org.testng.reporters.JUnitReportReporter -->
<testsuite hostname="LAPTOP-B9PPAAOT" failures="0" tests="1" name="selin.Alerts1" time="39.324" errors="0" timestamp="2024-03-18T14:40:19 IST" skipped="0">
  <testcase classname="selin.Alerts1" name="reg" time="39.324"/>
  <system-out/>
</testsuite> <!-- selin.Alerts1 -->
