<?xml version="1.0" encoding="UTF-8"?>
<!-- Generated by org.testng.reporters.JUnitReportReporter -->
<testsuite hostname="LAPTOP-B9PPAAOT" failures="0" tests="1" name="selinium.Waits" time="3.624" errors="0" timestamp="2024-02-06T19:31:48 IST" skipped="0">
  <testcase classname="selinium.Waits" name="open" time="3.624"/>
  <system-out/>
</testsuite> <!-- selinium.Waits -->
