<?xml version="1.0" encoding="UTF-8"?>
<!-- Generated by org.testng.reporters.JUnitReportReporter -->
<testsuite hostname="LAPTOP-B9PPAAOT" failures="0" tests="1" name="selin.Alerts1" time="6.890" errors="0" timestamp="2024-02-08T20:26:16 IST" skipped="0">
  <testcase classname="selin.Alerts1" name="reg" time="6.890"/>
  <system-out/>
</testsuite> <!-- selin.Alerts1 -->
