<?xml version="1.0" encoding="UTF-8"?>
<!-- Generated by org.testng.reporters.JUnitReportReporter -->
<testsuite hostname="LAPTOP-B9PPAAOT" failures="0" tests="1" name="selin.Ga" time="65.682" errors="0" timestamp="2024-03-12T18:57:15 IST" skipped="0">
  <testcase classname="selin.Ga" name="we" time="65.682"/>
  <system-out/>
</testsuite> <!-- selin.Ga -->
