<?xml version="1.0" encoding="UTF-8"?>
<!-- Generated by org.testng.reporters.JUnitReportReporter -->
<testsuite hostname="LAPTOP-B9PPAAOT" failures="0" tests="1" name="selin.Handlewindow" time="6.296" errors="0" timestamp="2024-02-09T14:15:30 IST" skipped="0">
  <testcase classname="selin.Handlewindow" name="reg" time="6.296"/>
  <system-out/>
</testsuite> <!-- selin.Handlewindow -->
