<?xml version="1.0" encoding="UTF-8"?>
<!-- Generated by org.testng.reporters.JUnitReportReporter -->
<testsuite hostname="LAPTOP-B9PPAAOT" failures="0" tests="3" name="selinium.Automa" time="60.898" errors="0" timestamp="2024-02-09T08:49:16 IST" skipped="0">
  <testcase classname="selinium.Automa" name="reg" time="45.913"/>
  <system-out/>
  <testcase classname="selinium.Automa" name="Url" time="6.735"/>
  <system-out/>
  <testcase classname="selinium.Automa" name="Title" time="8.250"/>
  <system-out/>
</testsuite> <!-- selinium.Automa -->
