<?xml version="1.0" encoding="UTF-8"?>
<!-- Generated by org.testng.reporters.JUnitReportReporter -->
<testsuite hostname="LAPTOP-B9PPAAOT" failures="0" tests="1" name="selinium.Navigate" time="3.828" errors="0" timestamp="2024-02-07T07:43:00 IST" skipped="0">
  <testcase classname="selinium.Navigate" name="setUp" time="3.828"/>
  <system-out/>
</testsuite> <!-- selinium.Navigate -->
