<?xml version="1.0" encoding="UTF-8"?>
<!-- Generated by org.testng.reporters.JUnitReportReporter -->
<testsuite hostname="LAPTOP-B9PPAAOT" failures="0" tests="1" name="selinium.Link" time="16.483" errors="0" timestamp="2024-03-12T17:09:52 IST" skipped="0">
  <testcase classname="selinium.Link" name="open" time="16.483"/>
  <system-out/>
</testsuite> <!-- selinium.Link -->
