<?xml version="1.0" encoding="UTF-8"?>
<!-- Generated by org.testng.reporters.JUnitReportReporter -->
<testsuite hostname="LAPTOP-B9PPAAOT" failures="0" tests="3" name="selinium.Sec" time="0.011" errors="0" timestamp="2024-01-28T08:50:56 IST" skipped="0">
  <testcase classname="selinium.Sec" name="test11" time="0.006"/>
  <system-out/>
  <testcase classname="selinium.Sec" name="test12" time="0.003"/>
  <system-out/>
  <testcase classname="selinium.Sec" name="test13" time="0.002"/>
  <system-out/>
</testsuite> <!-- selinium.Sec -->
