<?xml version="1.0" encoding="UTF-8"?>
<!-- Generated by org.testng.reporters.JUnitReportReporter -->
<testsuite hostname="LAPTOP-B9PPAAOT" failures="0" tests="2" name="selinium.Sam" time="36.288" errors="0" timestamp="2024-01-30T21:20:22 IST" skipped="0">
  <testcase classname="selinium.Sam" name="reg" time="26.671"/>
  <system-out/>
  <testcase classname="selinium.Sam" name="Title" time="9.617"/>
  <system-out/>
</testsuite> <!-- selinium.Sam -->
