<?xml version="1.0" encoding="UTF-8"?>
<!-- Generated by org.testng.reporters.JUnitReportReporter -->
<testsuite hostname="LAPTOP-B9PPAAOT" failures="0" tests="1" name="selinium.Locators" time="10.497" errors="0" timestamp="2024-02-06T13:23:48 IST" skipped="0">
  <testcase classname="selinium.Locators" name="registrationForm" time="10.497"/>
  <system-out/>
</testsuite> <!-- selinium.Locators -->
