<?xml version="1.0" encoding="UTF-8"?>
<!-- Generated by org.testng.reporters.JUnitReportReporter -->
<testsuite hostname="LAPTOP-B9PPAAOT" failures="0" tests="1" name="selinium.WaitTest" time="2.755" errors="0" timestamp="2024-02-06T17:56:42 IST" skipped="0">
  <testcase classname="selinium.WaitTest" name="testUntitled" time="2.755"/>
  <system-out/>
</testsuite> <!-- selinium.WaitTest -->
