<?xml version="1.0" encoding="UTF-8"?>
<!-- Generated by org.testng.reporters.JUnitReportReporter -->
<testsuite hostname="LAPTOP-B9PPAAOT" failures="0" tests="1" name="selinium.Links" time="3.433" errors="0" timestamp="2024-02-07T07:55:10 IST" skipped="0">
  <testcase classname="selinium.Links" name="registrationForm" time="3.433"/>
  <system-out/>
</testsuite> <!-- selinium.Links -->
