<?xml version="1.0" encoding="UTF-8"?>
<!-- Generated by org.testng.reporters.JUnitReportReporter -->
<testsuite hostname="LAPTOP-B9PPAAOT" failures="0" tests="3" name="selinium.Automa" time="57.390" errors="0" timestamp="2024-01-30T09:07:15 IST" skipped="0">
  <testcase classname="selinium.Automa" name="Url" time="8.954"/>
  <system-out/>
  <testcase classname="selinium.Automa" name="Title" time="6.950"/>
  <system-out/>
  <testcase classname="selinium.Automa" name="reg" time="41.486"/>
  <system-out/>
</testsuite> <!-- selinium.Automa -->
