<?xml version="1.0" encoding="UTF-8"?>
<!-- Generated by org.testng.reporters.JUnitReportReporter -->
<testsuite hostname="LAPTOP-B9PPAAOT" failures="0" tests="3" name="selinium.Sec" time="0.017" errors="0" timestamp="2024-02-01T12:48:01 IST" skipped="0">
  <testcase classname="selinium.Sec" name="test11" time="0.011"/>
  <system-out/>
  <testcase classname="selinium.Sec" name="test12" time="0.002"/>
  <system-out/>
  <testcase classname="selinium.Sec" name="test13" time="0.004"/>
  <system-out/>
</testsuite> <!-- selinium.Sec -->
