<?xml version="1.0" encoding="UTF-8"?>
<!-- Generated by org.testng.reporters.JUnitReportReporter -->
<testsuite hostname="LAPTOP-B9PPAAOT" failures="0" tests="1" name="selin.Actions" time="16.346" errors="0" timestamp="2024-03-14T09:59:25 IST" skipped="0">
  <testcase classname="selin.Actions" name="reg" time="16.346"/>
  <system-out/>
</testsuite> <!-- selin.Actions -->
