<?xml version="1.0" encoding="UTF-8"?>
<!-- Generated by org.testng.reporters.JUnitReportReporter -->
<testsuite hostname="LAPTOP-B9PPAAOT" failures="0" tests="1" name="selin.Navigation" time="26.195" errors="0" timestamp="2024-02-08T12:01:22 IST" skipped="0">
  <testcase classname="selin.Navigation" name="reg" time="26.195"/>
  <system-out/>
</testsuite> <!-- selin.Navigation -->
